--------------------------------------------------------------------------
No OpenFabrics connection schemes reported that they were able to be
used on a specific port.  As such, the openib BTL (OpenFabrics
support) will be disabled for this port.

  Local host:           spartan-bm023
  Local device:         mlx5_bond_0
  Local port:           1
  CPCs attempted:       rdmacm
--------------------------------------------------------------------------
[spartan-bm023.hpc.unimelb.edu.au:12199] pml_ucx.c:223 Error: UCP worker does not support MPI_THREAD_MULTIPLE
[spartan-bm023.hpc.unimelb.edu.au:12203] pml_ucx.c:223 Error: UCP worker does not support MPI_THREAD_MULTIPLE
[spartan-bm023.hpc.unimelb.edu.au:12200] pml_ucx.c:223 Error: UCP worker does not support MPI_THREAD_MULTIPLE
[spartan-bm023.hpc.unimelb.edu.au:12204] pml_ucx.c:223 Error: UCP worker does not support MPI_THREAD_MULTIPLE
[spartan-bm023.hpc.unimelb.edu.au:12206] pml_ucx.c:223 Error: UCP worker does not support MPI_THREAD_MULTIPLE
[spartan-bm023.hpc.unimelb.edu.au:12201] pml_ucx.c:223 Error: UCP worker does not support MPI_THREAD_MULTIPLE
[spartan-bm023.hpc.unimelb.edu.au:12202] pml_ucx.c:223 Error: UCP worker does not support MPI_THREAD_MULTIPLE
[spartan-bm023.hpc.unimelb.edu.au:12205] pml_ucx.c:223 Error: UCP worker does not support MPI_THREAD_MULTIPLE
[spartan-bm023.hpc.unimelb.edu.au:12194] 7 more processes have sent help message help-mpi-btl-openib-cpc-base.txt / no cpcs for port
[spartan-bm023.hpc.unimelb.edu.au:12194] Set MCA parameter "orte_base_help_aggregate" to 0 to see all help / error messages
-------------------------------------
Hashtag Rank: 
1. #auspol, 19,878
2. #coronavirus, 10,110
3. #มาพ่องเพิ่งอะไร, 7,531
4. #firefightaustralia, 6,812
5. #oldme, 6,418
6. #sydney, 6,196
7. #scottyfrommarketing, 5,185
8. #grammys, 5,085
9. #assange, 4,689
10. #sportsrorts, 4,516
-------------------------------------
Language Rank: 
1. English(en), 3,107,116
2. Undefined(und), 252,117
3. Thai(th), 134,571
4. Portuguese(pt), 125,858
5. Spanish(es), 74,028
6. Japanese(ja), 49,929
7. Tagalog(tl), 44,560
8. Indonesian(in), 42,296
9. French(fr), 38,098
10. Arabic(ar), 24,501

real	1m51.898s
user	13m56.699s
sys	0m54.840s
